[debug] [2025-06-24T07:45:30.342Z] ----------------------------------------------------------------------
[debug] [2025-06-24T07:45:30.346Z] Command:       /usr/local/bin/node /usr/local/bin/firebase deploy
[debug] [2025-06-24T07:45:30.347Z] CLI Version:   14.8.0
[debug] [2025-06-24T07:45:30.347Z] Platform:      linux
[debug] [2025-06-24T07:45:30.347Z] Node Version:  v22.15.1
[debug] [2025-06-24T07:45:30.347Z] Time:          Tue Jun 24 2025 13:15:30 GMT+0530 (India Standard Time)
[debug] [2025-06-24T07:45:30.348Z] ----------------------------------------------------------------------
[debug] 
[debug] [2025-06-24T07:45:30.737Z] > command requires scopes: ["email","openid","https://www.googleapis.com/auth/cloudplatformprojects.readonly","https://www.googleapis.com/auth/firebase","https://www.googleapis.com/auth/cloud-platform"]
[debug] [2025-06-24T07:45:30.739Z] > authorizing via signed-in user (strelizia0530@gmail.com)
[debug] [2025-06-24T07:45:30.739Z] [iam] checking project tukerank-app for permissions ["firebase.projects.get","firebasehosting.sites.update"]
[debug] [2025-06-24T07:45:30.743Z] Checked if tokens are valid: true, expires at: 1750753653841
[debug] [2025-06-24T07:45:30.743Z] Checked if tokens are valid: true, expires at: 1750753653841
[debug] [2025-06-24T07:45:30.746Z] >>> [apiv2][query] POST https://cloudresourcemanager.googleapis.com/v1/projects/tukerank-app:testIamPermissions [none]
[debug] [2025-06-24T07:45:30.746Z] >>> [apiv2][(partial)header] POST https://cloudresourcemanager.googleapis.com/v1/projects/tukerank-app:testIamPermissions x-goog-quota-user=projects/tukerank-app
[debug] [2025-06-24T07:45:30.747Z] >>> [apiv2][body] POST https://cloudresourcemanager.googleapis.com/v1/projects/tukerank-app:testIamPermissions {"permissions":["firebase.projects.get","firebasehosting.sites.update"]}
[debug] [2025-06-24T07:45:32.908Z] <<< [apiv2][status] POST https://cloudresourcemanager.googleapis.com/v1/projects/tukerank-app:testIamPermissions 200
[debug] [2025-06-24T07:45:32.909Z] <<< [apiv2][body] POST https://cloudresourcemanager.googleapis.com/v1/projects/tukerank-app:testIamPermissions {"permissions":["firebase.projects.get","firebasehosting.sites.update"]}
[debug] [2025-06-24T07:45:32.909Z] Checked if tokens are valid: true, expires at: 1750753653841
[debug] [2025-06-24T07:45:32.910Z] Checked if tokens are valid: true, expires at: 1750753653841
[debug] [2025-06-24T07:45:32.910Z] >>> [apiv2][query] GET https://firebase.googleapis.com/v1beta1/projects/tukerank-app [none]
[debug] [2025-06-24T07:45:35.505Z] <<< [apiv2][status] GET https://firebase.googleapis.com/v1beta1/projects/tukerank-app 200
[debug] [2025-06-24T07:45:35.505Z] <<< [apiv2][body] GET https://firebase.googleapis.com/v1beta1/projects/tukerank-app {"projectId":"tukerank-app","projectNumber":"435143924097","displayName":"tukerank-app","name":"projects/tukerank-app","resources":{"hostingSite":"tukerank-app"},"state":"ACTIVE","etag":"1_43226b1b-37d5-4579-a51c-3056d465c23e"}
[info] 
[info] === Deploying to 'tukerank-app'...
[info] 
[info] i  deploying hosting 
[debug] [2025-06-24T07:45:35.511Z] Checked if tokens are valid: true, expires at: 1750753653841
[debug] [2025-06-24T07:45:35.511Z] Checked if tokens are valid: true, expires at: 1750753653841
[debug] [2025-06-24T07:45:35.512Z] >>> [apiv2][query] POST https://firebasehosting.googleapis.com/v1beta1/projects/-/sites/tukerank-app/versions [none]
[debug] [2025-06-24T07:45:35.512Z] >>> [apiv2][body] POST https://firebasehosting.googleapis.com/v1beta1/projects/-/sites/tukerank-app/versions {"status":"CREATED","labels":{"deployment-tool":"cli-firebase"}}
[debug] [2025-06-24T07:45:37.402Z] <<< [apiv2][status] POST https://firebasehosting.googleapis.com/v1beta1/projects/-/sites/tukerank-app/versions 200
[debug] [2025-06-24T07:45:37.402Z] <<< [apiv2][body] POST https://firebasehosting.googleapis.com/v1beta1/projects/-/sites/tukerank-app/versions {"name":"projects/435143924097/sites/tukerank-app/versions/4565b64574833159","status":"CREATED","config":{},"labels":{"deployment-tool":"cli-firebase"}}
[info] i  hosting[tukerank-app]: beginning deploy... 
[info] i  hosting[tukerank-app]: found 14 files in build 
[debug] [2025-06-24T07:45:37.421Z] [hosting] uploading with 200 concurrency
[debug] [2025-06-24T07:45:38.612Z] Checked if tokens are valid: true, expires at: 1750753653841
[debug] [2025-06-24T07:45:38.612Z] Checked if tokens are valid: true, expires at: 1750753653841
[debug] [2025-06-24T07:45:38.616Z] [hosting] hash cache [YnVpbGQ] stored for 14 files
[debug] [2025-06-24T07:45:38.617Z] [hosting][hash queue][FINAL] {"max":1184,"min":14,"avg":110.85714285714286,"active":0,"complete":14,"success":14,"errored":0,"retried":0,"total":14,"elapsed":1193}
[debug] [2025-06-24T07:45:38.617Z] >>> [apiv2][query] POST https://firebasehosting.googleapis.com/v1beta1/projects/435143924097/sites/tukerank-app/versions/4565b64574833159:populateFiles [none]
[debug] [2025-06-24T07:45:38.617Z] >>> [apiv2][body] POST https://firebasehosting.googleapis.com/v1beta1/projects/435143924097/sites/tukerank-app/versions/4565b64574833159:populateFiles {"files":{"/robots.txt":"2544ca049f223a42bff01f72ad930a5edba75bbb7199d0f8430a02ff5aca16ec","/manifest.json":"c12dd51ed2c8ac94acf3c25d1f0c541d667c90c8557ac43cb42d0a6df086bd7f","/index.html":"ef18893cb021e681cba37df33400c479674bcfee0dc8aade78835a7c0c14cf4a","/logo192.png":"50bd60c6fefdd7de57fb652cf717e33c712106ffe0a32da5f75a12bf22cecbc0","/logo512.png":"9ab6cb941e493973baf9755bd3fc76988762e6b514d5bc365aeaccefa0de034f","/favicon.ico":"fc26b72d1f6d47474d8993a667b2af803ede41c9996d0f69e62ed6e415d7fed0","/asset-manifest.json":"a965898b21e8b412dbca0a04e01f540fb0238d477f0eee2bffa7651a622bf5e1","/static/js/main.580a909e.js.LICENSE.txt":"eea48d081e0076404900fd9cd72fe1ac22dd5d2ee79dec8abc34dbf125b1e670","/static/js/453.284cb0e4.chunk.js":"11ae9054a582a2c6b9f2ec36282530a89b42e042d6d9817300b258ce4a8052fb","/static/js/453.284cb0e4.chunk.js.map":"5cdd4a5afcd9e471d6ae4ed4ac3830063163576a93dcf9957a7b3cfde576a56f","/static/css/main.acb2179b.css.map":"d60c4afd0bf15d2447899813d6b99a913498a4a0a7a0bf59757a878ffed9f2b4","/static/css/main.acb2179b.css":"b80c56ceb88c9802ddd0476ea653f2235f9aa231330c3694a25a2afc23f8ba5f","/static/js/main.580a909e.js":"196b4790da257dc644e0f82f1ab7fb3ac7924b359f0b88cdf66eae4178e4aba0","/static/js/main.580a909e.js.map":"ae548e95d86e2eaf962922fd7a9af7f5d17d4496edf7d7f62ec7ebbbfd70bbb1"}}
[debug] [2025-06-24T07:45:39.793Z] <<< [apiv2][status] POST https://firebasehosting.googleapis.com/v1beta1/projects/435143924097/sites/tukerank-app/versions/4565b64574833159:populateFiles 200
[debug] [2025-06-24T07:45:39.793Z] <<< [apiv2][body] POST https://firebasehosting.googleapis.com/v1beta1/projects/435143924097/sites/tukerank-app/versions/4565b64574833159:populateFiles {"uploadRequiredHashes":["ef18893cb021e681cba37df33400c479674bcfee0dc8aade78835a7c0c14cf4a"],"uploadUrl":"https://upload-firebasehosting.googleapis.com/upload/sites/tukerank-app/versions/4565b64574833159/files"}
[debug] [2025-06-24T07:45:39.794Z] Checked if tokens are valid: true, expires at: 1750753653841
[debug] [2025-06-24T07:45:39.794Z] Checked if tokens are valid: true, expires at: 1750753653841
[debug] [2025-06-24T07:45:39.794Z] >>> [apiv2][query] POST https://upload-firebasehosting.googleapis.com/upload/sites/tukerank-app/versions/4565b64574833159/files/ef18893cb021e681cba37df33400c479674bcfee0dc8aade78835a7c0c14cf4a [none]
[debug] [2025-06-24T07:45:39.794Z] >>> [apiv2][body] POST https://upload-firebasehosting.googleapis.com/upload/sites/tukerank-app/versions/4565b64574833159/files/ef18893cb021e681cba37df33400c479674bcfee0dc8aade78835a7c0c14cf4a [stream]
[debug] [2025-06-24T07:45:39.796Z] [hosting][populate queue][FINAL] {"max":1182,"min":1182,"avg":1182,"active":0,"complete":1,"success":1,"errored":0,"retried":0,"total":1,"elapsed":1184}
[debug] [2025-06-24T07:45:39.797Z] [hosting] uploads queued: 1
